{"/home/kaszonim/Documents/API/API/modules/persistence.js":{"path":"/home/kaszonim/Documents/API/API/modules/persistence.js","s":{"1":1,"2":1,"3":3,"4":3,"5":1,"6":2,"7":2,"8":0,"9":2,"10":1,"11":0,"12":0,"13":0,"14":0,"15":0,"16":0,"17":0,"18":1,"19":3,"20":3,"21":1,"22":3,"23":3,"24":0,"25":3,"26":2,"27":3,"28":1,"29":3,"30":3,"31":1,"32":3,"33":2,"34":0,"35":2,"36":1,"37":3,"38":3,"39":2,"40":3,"41":1,"42":1,"43":0,"44":1,"45":1,"46":1,"47":1,"48":1,"49":5,"50":5,"51":3,"52":5,"53":5,"54":0,"55":5,"56":4,"57":5,"58":1,"59":3,"60":3,"61":1,"62":3,"63":3,"64":0,"65":3,"66":2,"67":3,"68":1,"69":4,"70":4,"71":2,"72":4,"73":4,"74":1,"75":4,"76":1,"77":6,"78":6,"79":4,"80":6,"81":6,"82":0,"83":6,"84":5,"85":6,"86":1,"87":3,"88":3,"89":1,"90":3,"91":3,"92":3,"93":0,"94":3,"95":2,"96":3,"97":1,"98":1,"99":1,"100":3,"101":3,"102":3},"b":{"1":[1,2],"2":[3,2,2],"3":[0,2],"4":[0,0],"5":[0,0],"6":[1,2],"7":[0,3],"8":[2,1],"9":[1,2],"10":[0,2],"11":[2,1],"12":[3,3],"13":[0,1],"14":[3,2],"15":[5,4],"16":[0,5],"17":[4,1],"18":[1,2],"19":[0,3],"20":[2,1],"21":[2,2],"22":[4,4],"23":[1,3],"24":[4,2],"25":[6,5,5],"26":[0,6],"27":[5,1],"28":[1,2],"29":[0,3],"30":[2,1]},"f":{"1":0,"2":3},"fnMap":{"1":{"name":"(anonymous_1)","line":31,"loc":{"start":{"line":31,"column":52},"end":{"line":31,"column":72}}},"2":{"name":"(anonymous_2)","line":40,"loc":{"start":{"line":40,"column":43},"end":{"line":40,"column":66}}}},"statementMap":{"1":{"start":{"line":3,"column":0},"end":{"line":3,"column":47}},"2":{"start":{"line":5,"column":0},"end":{"line":20,"column":2}},"3":{"start":{"line":5,"column":32},"end":{"line":20,"column":2}},"4":{"start":{"line":6,"column":1},"end":{"line":19,"column":2}},"5":{"start":{"line":7,"column":2},"end":{"line":7,"column":42}},"6":{"start":{"line":9,"column":2},"end":{"line":18,"column":4}},"7":{"start":{"line":10,"column":3},"end":{"line":12,"column":4}},"8":{"start":{"line":11,"column":4},"end":{"line":11,"column":47}},"9":{"start":{"line":13,"column":3},"end":{"line":17,"column":5}},"10":{"start":{"line":30,"column":0},"end":{"line":36,"column":2}},"11":{"start":{"line":30,"column":33},"end":{"line":36,"column":2}},"12":{"start":{"line":31,"column":1},"end":{"line":35,"column":3}},"13":{"start":{"line":32,"column":2},"end":{"line":32,"column":22}},"14":{"start":{"line":32,"column":11},"end":{"line":32,"column":22}},"15":{"start":{"line":33,"column":2},"end":{"line":33,"column":59}},"16":{"start":{"line":33,"column":25},"end":{"line":33,"column":59}},"17":{"start":{"line":34,"column":2},"end":{"line":34,"column":15}},"18":{"start":{"line":38,"column":0},"end":{"line":45,"column":2}},"19":{"start":{"line":38,"column":33},"end":{"line":45,"column":2}},"20":{"start":{"line":39,"column":1},"end":{"line":39,"column":65}},"21":{"start":{"line":39,"column":28},"end":{"line":39,"column":65}},"22":{"start":{"line":40,"column":1},"end":{"line":44,"column":3}},"23":{"start":{"line":41,"column":2},"end":{"line":41,"column":22}},"24":{"start":{"line":41,"column":11},"end":{"line":41,"column":22}},"25":{"start":{"line":42,"column":2},"end":{"line":42,"column":80}},"26":{"start":{"line":42,"column":30},"end":{"line":42,"column":80}},"27":{"start":{"line":43,"column":2},"end":{"line":43,"column":45}},"28":{"start":{"line":47,"column":0},"end":{"line":53,"column":2}},"29":{"start":{"line":47,"column":37},"end":{"line":53,"column":2}},"30":{"start":{"line":48,"column":1},"end":{"line":48,"column":64}},"31":{"start":{"line":48,"column":27},"end":{"line":48,"column":64}},"32":{"start":{"line":49,"column":1},"end":{"line":52,"column":3}},"33":{"start":{"line":50,"column":2},"end":{"line":50,"column":63}},"34":{"start":{"line":50,"column":19},"end":{"line":50,"column":63}},"35":{"start":{"line":51,"column":2},"end":{"line":51,"column":11}},"36":{"start":{"line":55,"column":0},"end":{"line":66,"column":2}},"37":{"start":{"line":55,"column":52},"end":{"line":66,"column":2}},"38":{"start":{"line":56,"column":1},"end":{"line":56,"column":114}},"39":{"start":{"line":56,"column":57},"end":{"line":56,"column":114}},"40":{"start":{"line":57,"column":1},"end":{"line":57,"column":31}},"41":{"start":{"line":58,"column":1},"end":{"line":65,"column":3}},"42":{"start":{"line":59,"column":2},"end":{"line":59,"column":22}},"43":{"start":{"line":59,"column":11},"end":{"line":59,"column":22}},"44":{"start":{"line":60,"column":2},"end":{"line":60,"column":28}},"45":{"start":{"line":61,"column":2},"end":{"line":61,"column":28}},"46":{"start":{"line":62,"column":2},"end":{"line":62,"column":33}},"47":{"start":{"line":64,"column":2},"end":{"line":64,"column":21}},"48":{"start":{"line":68,"column":0},"end":{"line":75,"column":2}},"49":{"start":{"line":68,"column":54},"end":{"line":75,"column":2}},"50":{"start":{"line":69,"column":1},"end":{"line":69,"column":118}},"51":{"start":{"line":69,"column":59},"end":{"line":69,"column":118}},"52":{"start":{"line":70,"column":1},"end":{"line":74,"column":3}},"53":{"start":{"line":71,"column":2},"end":{"line":71,"column":22}},"54":{"start":{"line":71,"column":11},"end":{"line":71,"column":22}},"55":{"start":{"line":72,"column":2},"end":{"line":72,"column":102}},"56":{"start":{"line":72,"column":30},"end":{"line":72,"column":102}},"57":{"start":{"line":73,"column":2},"end":{"line":73,"column":58}},"58":{"start":{"line":77,"column":0},"end":{"line":84,"column":2}},"59":{"start":{"line":77,"column":39},"end":{"line":84,"column":2}},"60":{"start":{"line":78,"column":1},"end":{"line":78,"column":75}},"61":{"start":{"line":78,"column":29},"end":{"line":78,"column":75}},"62":{"start":{"line":79,"column":1},"end":{"line":83,"column":3}},"63":{"start":{"line":80,"column":2},"end":{"line":80,"column":22}},"64":{"start":{"line":80,"column":11},"end":{"line":80,"column":22}},"65":{"start":{"line":81,"column":2},"end":{"line":81,"column":91}},"66":{"start":{"line":81,"column":30},"end":{"line":81,"column":91}},"67":{"start":{"line":82,"column":2},"end":{"line":82,"column":66}},"68":{"start":{"line":86,"column":0},"end":{"line":92,"column":2}},"69":{"start":{"line":86,"column":59},"end":{"line":92,"column":2}},"70":{"start":{"line":87,"column":1},"end":{"line":87,"column":117}},"71":{"start":{"line":87,"column":58},"end":{"line":87,"column":117}},"72":{"start":{"line":88,"column":1},"end":{"line":91,"column":3}},"73":{"start":{"line":89,"column":2},"end":{"line":89,"column":88}},"74":{"start":{"line":89,"column":19},"end":{"line":89,"column":88}},"75":{"start":{"line":90,"column":2},"end":{"line":90,"column":11}},"76":{"start":{"line":94,"column":0},"end":{"line":101,"column":2}},"77":{"start":{"line":94,"column":64},"end":{"line":101,"column":2}},"78":{"start":{"line":95,"column":1},"end":{"line":95,"column":157}},"79":{"start":{"line":95,"column":84},"end":{"line":95,"column":157}},"80":{"start":{"line":96,"column":1},"end":{"line":100,"column":3}},"81":{"start":{"line":97,"column":2},"end":{"line":97,"column":22}},"82":{"start":{"line":97,"column":11},"end":{"line":97,"column":22}},"83":{"start":{"line":98,"column":2},"end":{"line":98,"column":103}},"84":{"start":{"line":98,"column":27},"end":{"line":98,"column":103}},"85":{"start":{"line":99,"column":2},"end":{"line":99,"column":11}},"86":{"start":{"line":103,"column":0},"end":{"line":124,"column":2}},"87":{"start":{"line":103,"column":36},"end":{"line":124,"column":2}},"88":{"start":{"line":104,"column":1},"end":{"line":104,"column":75}},"89":{"start":{"line":104,"column":29},"end":{"line":104,"column":75}},"90":{"start":{"line":105,"column":1},"end":{"line":108,"column":2}},"91":{"start":{"line":110,"column":1},"end":{"line":123,"column":3}},"92":{"start":{"line":111,"column":2},"end":{"line":111,"column":22}},"93":{"start":{"line":111,"column":11},"end":{"line":111,"column":22}},"94":{"start":{"line":112,"column":2},"end":{"line":112,"column":90}},"95":{"start":{"line":112,"column":26},"end":{"line":112,"column":90}},"96":{"start":{"line":114,"column":2},"end":{"line":118,"column":11}},"97":{"start":{"line":115,"column":3},"end":{"line":115,"column":26}},"98":{"start":{"line":116,"column":3},"end":{"line":116,"column":26}},"99":{"start":{"line":117,"column":3},"end":{"line":117,"column":31}},"100":{"start":{"line":119,"column":2},"end":{"line":119,"column":33}},"101":{"start":{"line":120,"column":2},"end":{"line":120,"column":32}},"102":{"start":{"line":122,"column":2},"end":{"line":122,"column":21}}},"branchMap":{"1":{"line":6,"type":"if","locations":[{"start":{"line":6,"column":1},"end":{"line":6,"column":1}},{"start":{"line":6,"column":1},"end":{"line":6,"column":1}}]},"2":{"line":6,"type":"binary-expr","locations":[{"start":{"line":6,"column":4},"end":{"line":6,"column":21}},{"start":{"line":6,"column":25},"end":{"line":6,"column":42}},{"start":{"line":6,"column":46},"end":{"line":6,"column":59}}]},"3":{"line":10,"type":"if","locations":[{"start":{"line":10,"column":3},"end":{"line":10,"column":3}},{"start":{"line":10,"column":3},"end":{"line":10,"column":3}}]},"4":{"line":32,"type":"if","locations":[{"start":{"line":32,"column":2},"end":{"line":32,"column":2}},{"start":{"line":32,"column":2},"end":{"line":32,"column":2}}]},"5":{"line":33,"type":"if","locations":[{"start":{"line":33,"column":2},"end":{"line":33,"column":2}},{"start":{"line":33,"column":2},"end":{"line":33,"column":2}}]},"6":{"line":39,"type":"if","locations":[{"start":{"line":39,"column":1},"end":{"line":39,"column":1}},{"start":{"line":39,"column":1},"end":{"line":39,"column":1}}]},"7":{"line":41,"type":"if","locations":[{"start":{"line":41,"column":2},"end":{"line":41,"column":2}},{"start":{"line":41,"column":2},"end":{"line":41,"column":2}}]},"8":{"line":42,"type":"if","locations":[{"start":{"line":42,"column":2},"end":{"line":42,"column":2}},{"start":{"line":42,"column":2},"end":{"line":42,"column":2}}]},"9":{"line":48,"type":"if","locations":[{"start":{"line":48,"column":1},"end":{"line":48,"column":1}},{"start":{"line":48,"column":1},"end":{"line":48,"column":1}}]},"10":{"line":50,"type":"if","locations":[{"start":{"line":50,"column":2},"end":{"line":50,"column":2}},{"start":{"line":50,"column":2},"end":{"line":50,"column":2}}]},"11":{"line":56,"type":"if","locations":[{"start":{"line":56,"column":1},"end":{"line":56,"column":1}},{"start":{"line":56,"column":1},"end":{"line":56,"column":1}}]},"12":{"line":56,"type":"binary-expr","locations":[{"start":{"line":56,"column":5},"end":{"line":56,"column":27}},{"start":{"line":56,"column":31},"end":{"line":56,"column":55}}]},"13":{"line":59,"type":"if","locations":[{"start":{"line":59,"column":2},"end":{"line":59,"column":2}},{"start":{"line":59,"column":2},"end":{"line":59,"column":2}}]},"14":{"line":69,"type":"if","locations":[{"start":{"line":69,"column":1},"end":{"line":69,"column":1}},{"start":{"line":69,"column":1},"end":{"line":69,"column":1}}]},"15":{"line":69,"type":"binary-expr","locations":[{"start":{"line":69,"column":5},"end":{"line":69,"column":27}},{"start":{"line":69,"column":31},"end":{"line":69,"column":57}}]},"16":{"line":71,"type":"if","locations":[{"start":{"line":71,"column":2},"end":{"line":71,"column":2}},{"start":{"line":71,"column":2},"end":{"line":71,"column":2}}]},"17":{"line":72,"type":"if","locations":[{"start":{"line":72,"column":2},"end":{"line":72,"column":2}},{"start":{"line":72,"column":2},"end":{"line":72,"column":2}}]},"18":{"line":78,"type":"if","locations":[{"start":{"line":78,"column":1},"end":{"line":78,"column":1}},{"start":{"line":78,"column":1},"end":{"line":78,"column":1}}]},"19":{"line":80,"type":"if","locations":[{"start":{"line":80,"column":2},"end":{"line":80,"column":2}},{"start":{"line":80,"column":2},"end":{"line":80,"column":2}}]},"20":{"line":81,"type":"if","locations":[{"start":{"line":81,"column":2},"end":{"line":81,"column":2}},{"start":{"line":81,"column":2},"end":{"line":81,"column":2}}]},"21":{"line":87,"type":"if","locations":[{"start":{"line":87,"column":1},"end":{"line":87,"column":1}},{"start":{"line":87,"column":1},"end":{"line":87,"column":1}}]},"22":{"line":87,"type":"binary-expr","locations":[{"start":{"line":87,"column":4},"end":{"line":87,"column":26}},{"start":{"line":87,"column":30},"end":{"line":87,"column":56}}]},"23":{"line":89,"type":"if","locations":[{"start":{"line":89,"column":2},"end":{"line":89,"column":2}},{"start":{"line":89,"column":2},"end":{"line":89,"column":2}}]},"24":{"line":95,"type":"if","locations":[{"start":{"line":95,"column":1},"end":{"line":95,"column":1}},{"start":{"line":95,"column":1},"end":{"line":95,"column":1}}]},"25":{"line":95,"type":"binary-expr","locations":[{"start":{"line":95,"column":4},"end":{"line":95,"column":26}},{"start":{"line":95,"column":30},"end":{"line":95,"column":56}},{"start":{"line":95,"column":60},"end":{"line":95,"column":82}}]},"26":{"line":97,"type":"if","locations":[{"start":{"line":97,"column":2},"end":{"line":97,"column":2}},{"start":{"line":97,"column":2},"end":{"line":97,"column":2}}]},"27":{"line":98,"type":"if","locations":[{"start":{"line":98,"column":2},"end":{"line":98,"column":2}},{"start":{"line":98,"column":2},"end":{"line":98,"column":2}}]},"28":{"line":104,"type":"if","locations":[{"start":{"line":104,"column":1},"end":{"line":104,"column":1}},{"start":{"line":104,"column":1},"end":{"line":104,"column":1}}]},"29":{"line":111,"type":"if","locations":[{"start":{"line":111,"column":2},"end":{"line":111,"column":2}},{"start":{"line":111,"column":2},"end":{"line":111,"column":2}}]},"30":{"line":112,"type":"if","locations":[{"start":{"line":112,"column":2},"end":{"line":112,"column":2}},{"start":{"line":112,"column":2},"end":{"line":112,"column":2}}]}}},"/home/kaszonim/Documents/API/API/schema/test-schema.js":{"path":"/home/kaszonim/Documents/API/API/schema/test-schema.js","s":{"1":1,"2":1,"3":1,"4":1,"5":1,"6":1,"7":1,"8":1,"9":1,"10":1},"b":{},"f":{},"fnMap":{},"statementMap":{"1":{"start":{"line":4,"column":0},"end":{"line":4,"column":36}},"2":{"start":{"line":5,"column":0},"end":{"line":5,"column":32}},"3":{"start":{"line":6,"column":0},"end":{"line":9,"column":1}},"4":{"start":{"line":11,"column":0},"end":{"line":11,"column":91}},"5":{"start":{"line":12,"column":0},"end":{"line":12,"column":33}},"6":{"start":{"line":13,"column":0},"end":{"line":13,"column":30}},"7":{"start":{"line":16,"column":0},"end":{"line":20,"column":2}},"8":{"start":{"line":23,"column":0},"end":{"line":23,"column":49}},"9":{"start":{"line":26,"column":0},"end":{"line":37,"column":2}},"10":{"start":{"line":40,"column":0},"end":{"line":40,"column":67}}},"branchMap":{}}}