{"/home/kaszonim/Documents/API/API/modules/zomato.js":{"path":"/home/kaszonim/Documents/API/API/modules/zomato.js","s":{"1":1,"2":1,"3":1,"4":1,"5":2,"6":2,"7":2,"8":2,"9":0,"10":2,"11":2,"12":0,"13":2,"14":2,"15":0,"16":2,"17":0,"18":1,"19":2,"20":2,"21":2,"22":2,"23":0,"24":2,"25":2,"26":1,"27":1,"28":1,"29":1,"30":3,"31":3,"32":15,"33":15,"34":15,"35":15,"36":0,"37":15,"38":15,"39":3,"40":3,"41":2,"42":3,"43":3,"44":0,"45":0,"46":1,"47":3,"48":3,"49":1,"50":3,"51":3,"52":3,"53":0,"54":3,"55":3,"56":2,"57":3,"58":3,"59":1,"60":3,"61":3,"62":3,"63":3,"64":15,"65":100,"66":3,"67":3,"68":0,"69":1,"70":2,"71":2,"72":2,"73":2,"74":28,"75":2,"76":2,"77":0},"b":{"1":[0,2],"2":[0,2],"3":[0,2],"4":[0,2],"5":[1,1],"6":[0,15],"7":[2,1],"8":[1,2],"9":[0,3],"10":[2,1],"11":[3,0],"12":[99,1]},"f":{"1":2,"2":2,"3":3,"4":15,"5":28},"fnMap":{"1":{"name":"(anonymous_1)","line":27,"loc":{"start":{"line":27,"column":18},"end":{"line":27,"column":50}}},"2":{"name":"(anonymous_2)","line":55,"loc":{"start":{"line":55,"column":18},"end":{"line":55,"column":50}}},"3":{"name":"(anonymous_3)","line":126,"loc":{"start":{"line":126,"column":18},"end":{"line":126,"column":50}}},"4":{"name":"(anonymous_4)","line":163,"loc":{"start":{"line":163,"column":15},"end":{"line":163,"column":33}}},"5":{"name":"(anonymous_5)","line":202,"loc":{"start":{"line":202,"column":15},"end":{"line":202,"column":33}}}},"statementMap":{"1":{"start":{"line":7,"column":0},"end":{"line":7,"column":34}},"2":{"start":{"line":9,"column":0},"end":{"line":9,"column":50}},"3":{"start":{"line":10,"column":0},"end":{"line":10,"column":53}},"4":{"start":{"line":18,"column":0},"end":{"line":37,"column":2}},"5":{"start":{"line":18,"column":30},"end":{"line":37,"column":2}},"6":{"start":{"line":19,"column":1},"end":{"line":25,"column":2}},"7":{"start":{"line":27,"column":1},"end":{"line":36,"column":3}},"8":{"start":{"line":28,"column":2},"end":{"line":28,"column":26}},"9":{"start":{"line":28,"column":13},"end":{"line":28,"column":26}},"10":{"start":{"line":29,"column":2},"end":{"line":29,"column":33}},"11":{"start":{"line":31,"column":2},"end":{"line":31,"column":77}},"12":{"start":{"line":31,"column":37},"end":{"line":31,"column":77}},"13":{"start":{"line":32,"column":2},"end":{"line":35,"column":31}},"14":{"start":{"line":33,"column":3},"end":{"line":33,"column":58}},"15":{"start":{"line":33,"column":18},"end":{"line":33,"column":58}},"16":{"start":{"line":34,"column":3},"end":{"line":34,"column":20}},"17":{"start":{"line":35,"column":19},"end":{"line":35,"column":30}},"18":{"start":{"line":46,"column":0},"end":{"line":71,"column":2}},"19":{"start":{"line":46,"column":41},"end":{"line":71,"column":2}},"20":{"start":{"line":47,"column":1},"end":{"line":53,"column":2}},"21":{"start":{"line":55,"column":1},"end":{"line":70,"column":3}},"22":{"start":{"line":56,"column":2},"end":{"line":56,"column":26}},"23":{"start":{"line":56,"column":13},"end":{"line":56,"column":26}},"24":{"start":{"line":57,"column":2},"end":{"line":57,"column":33}},"25":{"start":{"line":59,"column":2},"end":{"line":69,"column":3}},"26":{"start":{"line":60,"column":3},"end":{"line":60,"column":49}},"27":{"start":{"line":62,"column":3},"end":{"line":66,"column":4}},"28":{"start":{"line":68,"column":3},"end":{"line":68,"column":27}},"29":{"start":{"line":81,"column":0},"end":{"line":107,"column":2}},"30":{"start":{"line":81,"column":59},"end":{"line":107,"column":2}},"31":{"start":{"line":82,"column":1},"end":{"line":97,"column":4}},"32":{"start":{"line":82,"column":66},"end":{"line":97,"column":3}},"33":{"start":{"line":83,"column":2},"end":{"line":89,"column":3}},"34":{"start":{"line":91,"column":2},"end":{"line":96,"column":4}},"35":{"start":{"line":92,"column":3},"end":{"line":92,"column":23}},"36":{"start":{"line":92,"column":12},"end":{"line":92,"column":23}},"37":{"start":{"line":93,"column":3},"end":{"line":93,"column":34}},"38":{"start":{"line":95,"column":3},"end":{"line":95,"column":18}},"39":{"start":{"line":99,"column":1},"end":{"line":106,"column":31}},"40":{"start":{"line":101,"column":3},"end":{"line":101,"column":80}},"41":{"start":{"line":101,"column":39},"end":{"line":101,"column":80}},"42":{"start":{"line":103,"column":3},"end":{"line":105,"column":30}},"43":{"start":{"line":104,"column":22},"end":{"line":104,"column":39}},"44":{"start":{"line":105,"column":18},"end":{"line":105,"column":29}},"45":{"start":{"line":106,"column":19},"end":{"line":106,"column":30}},"46":{"start":{"line":116,"column":0},"end":{"line":154,"column":2}},"47":{"start":{"line":116,"column":35},"end":{"line":154,"column":2}},"48":{"start":{"line":117,"column":1},"end":{"line":117,"column":64}},"49":{"start":{"line":117,"column":22},"end":{"line":117,"column":64}},"50":{"start":{"line":118,"column":1},"end":{"line":124,"column":2}},"51":{"start":{"line":126,"column":1},"end":{"line":153,"column":3}},"52":{"start":{"line":127,"column":2},"end":{"line":127,"column":26}},"53":{"start":{"line":127,"column":13},"end":{"line":127,"column":26}},"54":{"start":{"line":128,"column":2},"end":{"line":128,"column":33}},"55":{"start":{"line":130,"column":2},"end":{"line":130,"column":89}},"56":{"start":{"line":130,"column":28},"end":{"line":130,"column":89}},"57":{"start":{"line":131,"column":2},"end":{"line":150,"column":3}},"58":{"start":{"line":152,"column":2},"end":{"line":152,"column":15}},"59":{"start":{"line":156,"column":0},"end":{"line":193,"column":2}},"60":{"start":{"line":156,"column":36},"end":{"line":193,"column":2}},"61":{"start":{"line":157,"column":1},"end":{"line":192,"column":2}},"62":{"start":{"line":158,"column":2},"end":{"line":161,"column":3}},"63":{"start":{"line":163,"column":2},"end":{"line":186,"column":4}},"64":{"start":{"line":164,"column":3},"end":{"line":185,"column":5}},"65":{"start":{"line":165,"column":4},"end":{"line":184,"column":6}},"66":{"start":{"line":187,"column":2},"end":{"line":187,"column":42}},"67":{"start":{"line":189,"column":2},"end":{"line":189,"column":17}},"68":{"start":{"line":191,"column":2},"end":{"line":191,"column":13}},"69":{"start":{"line":195,"column":0},"end":{"line":215,"column":2}},"70":{"start":{"line":195,"column":34},"end":{"line":215,"column":2}},"71":{"start":{"line":196,"column":1},"end":{"line":214,"column":2}},"72":{"start":{"line":197,"column":2},"end":{"line":200,"column":3}},"73":{"start":{"line":202,"column":2},"end":{"line":208,"column":4}},"74":{"start":{"line":203,"column":3},"end":{"line":207,"column":5}},"75":{"start":{"line":209,"column":2},"end":{"line":209,"column":41}},"76":{"start":{"line":211,"column":2},"end":{"line":211,"column":17}},"77":{"start":{"line":213,"column":2},"end":{"line":213,"column":13}}},"branchMap":{"1":{"line":28,"type":"if","locations":[{"start":{"line":28,"column":2},"end":{"line":28,"column":2}},{"start":{"line":28,"column":2},"end":{"line":28,"column":2}}]},"2":{"line":31,"type":"if","locations":[{"start":{"line":31,"column":2},"end":{"line":31,"column":2}},{"start":{"line":31,"column":2},"end":{"line":31,"column":2}}]},"3":{"line":33,"type":"if","locations":[{"start":{"line":33,"column":3},"end":{"line":33,"column":3}},{"start":{"line":33,"column":3},"end":{"line":33,"column":3}}]},"4":{"line":56,"type":"if","locations":[{"start":{"line":56,"column":2},"end":{"line":56,"column":2}},{"start":{"line":56,"column":2},"end":{"line":56,"column":2}}]},"5":{"line":59,"type":"if","locations":[{"start":{"line":59,"column":2},"end":{"line":59,"column":2}},{"start":{"line":59,"column":2},"end":{"line":59,"column":2}}]},"6":{"line":92,"type":"if","locations":[{"start":{"line":92,"column":3},"end":{"line":92,"column":3}},{"start":{"line":92,"column":3},"end":{"line":92,"column":3}}]},"7":{"line":101,"type":"if","locations":[{"start":{"line":101,"column":3},"end":{"line":101,"column":3}},{"start":{"line":101,"column":3},"end":{"line":101,"column":3}}]},"8":{"line":117,"type":"if","locations":[{"start":{"line":117,"column":1},"end":{"line":117,"column":1}},{"start":{"line":117,"column":1},"end":{"line":117,"column":1}}]},"9":{"line":127,"type":"if","locations":[{"start":{"line":127,"column":2},"end":{"line":127,"column":2}},{"start":{"line":127,"column":2},"end":{"line":127,"column":2}}]},"10":{"line":130,"type":"if","locations":[{"start":{"line":130,"column":2},"end":{"line":130,"column":2}},{"start":{"line":130,"column":2},"end":{"line":130,"column":2}}]},"11":{"line":142,"type":"cond-expr","locations":[{"start":{"line":142,"column":51},"end":{"line":142,"column":55}},{"start":{"line":142,"column":58},"end":{"line":142,"column":63}}]},"12":{"line":176,"type":"cond-expr","locations":[{"start":{"line":176,"column":62},"end":{"line":176,"column":66}},{"start":{"line":176,"column":69},"end":{"line":176,"column":74}}]}}}}