TN:
SF:/home/kaszonim/Documents/API/API/modules/persistence.js
FN:31,(anonymous_1)
FN:40,(anonymous_2)
FNF:2
FNH:1
FNDA:0,(anonymous_1)
FNDA:3,(anonymous_2)
DA:3,1
DA:5,3
DA:6,3
DA:7,1
DA:9,2
DA:10,2
DA:11,0
DA:13,2
DA:30,1
DA:31,0
DA:32,0
DA:33,0
DA:34,0
DA:38,3
DA:39,3
DA:40,3
DA:41,3
DA:42,3
DA:43,3
DA:47,3
DA:48,3
DA:49,3
DA:50,2
DA:51,2
DA:55,3
DA:56,3
DA:57,3
DA:58,1
DA:59,1
DA:60,1
DA:61,1
DA:62,1
DA:64,1
DA:68,5
DA:69,5
DA:70,5
DA:71,5
DA:72,5
DA:73,5
DA:77,3
DA:78,3
DA:79,3
DA:80,3
DA:81,3
DA:82,3
DA:86,4
DA:87,4
DA:88,4
DA:89,4
DA:90,4
DA:94,6
DA:95,6
DA:96,6
DA:97,6
DA:98,6
DA:99,6
DA:103,3
DA:104,3
DA:105,3
DA:110,3
DA:111,3
DA:112,3
DA:114,3
DA:115,1
DA:116,1
DA:117,1
DA:119,3
DA:120,3
DA:122,3
LF:69
LH:64
BRDA:6,1,0,1
BRDA:6,1,1,2
BRDA:6,2,0,3
BRDA:6,2,1,2
BRDA:6,2,2,2
BRDA:10,3,0,0
BRDA:10,3,1,2
BRDA:32,4,0,0
BRDA:32,4,1,0
BRDA:33,5,0,0
BRDA:33,5,1,0
BRDA:39,6,0,1
BRDA:39,6,1,2
BRDA:41,7,0,0
BRDA:41,7,1,3
BRDA:42,8,0,2
BRDA:42,8,1,1
BRDA:48,9,0,1
BRDA:48,9,1,2
BRDA:50,10,0,0
BRDA:50,10,1,2
BRDA:56,11,0,2
BRDA:56,11,1,1
BRDA:56,12,0,3
BRDA:56,12,1,3
BRDA:59,13,0,0
BRDA:59,13,1,1
BRDA:69,14,0,3
BRDA:69,14,1,2
BRDA:69,15,0,5
BRDA:69,15,1,4
BRDA:71,16,0,0
BRDA:71,16,1,5
BRDA:72,17,0,4
BRDA:72,17,1,1
BRDA:78,18,0,1
BRDA:78,18,1,2
BRDA:80,19,0,0
BRDA:80,19,1,3
BRDA:81,20,0,2
BRDA:81,20,1,1
BRDA:87,21,0,2
BRDA:87,21,1,2
BRDA:87,22,0,4
BRDA:87,22,1,4
BRDA:89,23,0,1
BRDA:89,23,1,3
BRDA:95,24,0,4
BRDA:95,24,1,2
BRDA:95,25,0,6
BRDA:95,25,1,5
BRDA:95,25,2,5
BRDA:97,26,0,0
BRDA:97,26,1,6
BRDA:98,27,0,5
BRDA:98,27,1,1
BRDA:104,28,0,1
BRDA:104,28,1,2
BRDA:111,29,0,0
BRDA:111,29,1,3
BRDA:112,30,0,2
BRDA:112,30,1,1
BRF:62
BRH:50
end_of_record
TN:
SF:/home/kaszonim/Documents/API/API/schema/test-schema.js
FNF:0
FNH:0
DA:4,1
DA:5,1
DA:6,1
DA:11,1
DA:12,1
DA:13,1
DA:16,1
DA:23,1
DA:26,1
DA:40,1
LF:10
LH:10
BRF:0
BRH:0
end_of_record
