TN:
SF:/home/kaszonim/Documents/API/API/modules/zomato.js
FN:27,(anonymous_1)
FN:55,(anonymous_2)
FN:126,(anonymous_3)
FN:163,(anonymous_4)
FN:202,(anonymous_5)
FNF:5
FNH:5
FNDA:2,(anonymous_1)
FNDA:2,(anonymous_2)
FNDA:3,(anonymous_3)
FNDA:15,(anonymous_4)
FNDA:28,(anonymous_5)
DA:7,1
DA:9,1
DA:10,1
DA:18,2
DA:19,2
DA:27,2
DA:28,2
DA:29,2
DA:31,2
DA:32,2
DA:33,2
DA:34,2
DA:35,0
DA:46,2
DA:47,2
DA:55,2
DA:56,2
DA:57,2
DA:59,2
DA:60,1
DA:62,1
DA:68,1
DA:81,3
DA:82,15
DA:83,15
DA:91,15
DA:92,15
DA:93,15
DA:95,15
DA:99,3
DA:101,3
DA:103,3
DA:104,3
DA:105,0
DA:106,0
DA:116,3
DA:117,3
DA:118,3
DA:126,3
DA:127,3
DA:128,3
DA:130,3
DA:131,3
DA:152,3
DA:156,3
DA:157,3
DA:158,3
DA:163,3
DA:164,15
DA:165,100
DA:187,3
DA:189,3
DA:191,0
DA:195,2
DA:196,2
DA:197,2
DA:202,2
DA:203,28
DA:209,2
DA:211,2
DA:213,0
LF:61
LH:56
BRDA:28,1,0,0
BRDA:28,1,1,2
BRDA:31,2,0,0
BRDA:31,2,1,2
BRDA:33,3,0,0
BRDA:33,3,1,2
BRDA:56,4,0,0
BRDA:56,4,1,2
BRDA:59,5,0,1
BRDA:59,5,1,1
BRDA:92,6,0,0
BRDA:92,6,1,15
BRDA:101,7,0,2
BRDA:101,7,1,1
BRDA:117,8,0,1
BRDA:117,8,1,2
BRDA:127,9,0,0
BRDA:127,9,1,3
BRDA:130,10,0,2
BRDA:130,10,1,1
BRDA:142,11,0,3
BRDA:142,11,1,0
BRDA:176,12,0,99
BRDA:176,12,1,1
BRF:24
BRH:17
end_of_record
